Output folder: D:\Dati\KiCadLibrarian\bin
Extract: kicadlibrarian.exe
Extract: haru.dll
Extract: curllib.dll
Extract: ssleay32.dll
Extract: libeay32.dll
Extract: openldap.dll
Extract: libsasl.dll
Extract: msvcr90.dll
Output folder: D:\Dati\KiCadLibrarian\doc
Extract: KiCadLibrarian.pdf
Extract: LibraryFileFormats.pdf
Extract: LICENSE
Extract: NOTICE
Output folder: D:\Dati\KiCadLibrarian\font
Extract: newstroke.cxf
Output folder: D:\Dati\KiCadLibrarian\template
Extract: BGA.bmp
Extract: BGA.mt
Extract: BGA.vt
Extract: CAE.bmp
Extract: CAE.mt
Extract: CAE.vt
Extract: Chip.bmp
Extract: Chip.mt
Extract: Chip.vt
Extract: DIP.bmp
Extract: DIP.mt
Extract: Dual-row.bmp
Extract: Dual-row.st
Extract: HDR1x_.bmp
Extract: HDR1x_.mt
Extract: HDR1x_.vt
Extract: HDR1x_SMD.bmp
Extract: HDR1x_SMD.mt
Extract: HDR1x_SMD.vt
Extract: HDR2x_.bmp
Extract: HDR2x_.mt
Extract: HDR2x_.vt
Extract: HDR2x_SMD.bmp
Extract: HDR2x_SMD.mt
Extract: HDR2x_SMD.vt
Extract: Level-shifter.bmp
Extract: Level-shifter.st
Extract: MELF.bmp
Extract: MELF.mt
Extract: MELF.vt
Extract: MLD.bmp
Extract: MLD.mt
Extract: MLD.vt
Extract: MLDPOL.bmp
Extract: MLDPOL.mt
Extract: MLDPOL.vt
Extract: OpAmp.bmp
Extract: OpAmp.st
Extract: QFN.bmp
Extract: QFN.mt
Extract: QFN.vt
Extract: QFNX.bmp
Extract: QFNX.mt
Extract: QFP.bmp
Extract: QFP.mt
Extract: QFP.vt
Extract: QFPX.bmp
Extract: QFPX.mt
Extract: Quad-row.bmp
Extract: Quad-row.st
Extract: SOD.bmp
Extract: SOD.mt
Extract: SOD.vt
Extract: SON.bmp
Extract: SON.mt
Extract: SON.vt
Extract: SONX.bmp
Extract: SONX.mt
Extract: SOP.bmp
Extract: SOP.mt
Extract: SOP.vt
Extract: SOPX.bmp
Extract: SOPX.mt
Extract: SOT23.bmp
Extract: SOT23.mt
Extract: SOT23.vt
Extract: Single-row.bmp
Extract: Single-row.st
Created uninstaller: D:\Dati\KiCadLibrarian\uninstall.exe
Create folder: C:\Users\f602250\AppData\Roaming\Microsoft\Windows\Start Menu\Programs\KiCad Librarian
Error creating shortcut: C:\Users\f602250\AppData\Roaming\Microsoft\Windows\Start Menu\Programs\KiCad Librarian\KiCad Librarian.lnk
Error creating shortcut: C:\Users\f602250\AppData\Roaming\Microsoft\Windows\Start Menu\Programs\KiCad Librarian\Manual.lnk
Error creating shortcut: C:\Users\f602250\AppData\Roaming\Microsoft\Windows\Start Menu\Programs\KiCad Librarian\Library File Formats.lnk
Error creating shortcut: C:\Users\f602250\AppData\Roaming\Microsoft\Windows\Start Menu\Programs\KiCad Librarian\Uninstall.lnk
Completed
